2011-10-21 9:29:59 org.apache.catalina.startup.Embedded initDirs
严重: Cannot find specified temporary folder at E:\apache-tomcat-6.0.29\webapps\jor.bin\tomcat.with.jor\temp
2011-10-21 9:29:59 org.apache.catalina.core.AprLifecycleListener lifecycleEvent
信息: The Apache Tomcat Native library which allows optimal performance in production environments was not found on the java.library.path: C:\Program Files\Java\jdk1.5.0_22\bin;.;C:\Windows\system32;C:\Windows;C:\Program Files\Java\jdk1.5.0_22\bin;F:\oracle\product\10.2.0\db_1\bin;C:\Program Files\Oracle\jre\1.3.1\bin;C:\Program Files\Oracle\jre\1.1.8\bin;C:\Windows\system32;C:\Windows;C:\Windows\System32\Wbem;C:\Windows\System32\WindowsPowerShell\v1.0\;C:\Program Files\Intel\Services\IPT\;C:\Program Files\Intel\WiFi\bin\;C:\Program Files\Common Files\Intel\WirelessCommon\;C:\Program Files\ThinkPad\Bluetooth Software\;C:\Program Files\Broadcom\WHL\;C:\Program Files\Common Files\Thunder Network\KanKan\Codecs;C:\Users\THINKPAD\Desktop\Windows7Master\Windows7Master;C:\Program Files\Java\jdk1.5.0_22\bin;C:\Program Files\Microsoft Visual Studio\Common\MSDev98\Bin;D:\builder\Jasob 2.1;D:\builder\ant\bin;C:\Program Files\Intel\WiFi\bin\;C:\Program Files\Common Files\Intel\WirelessCommon\
2011-10-21 9:30:00 org.apache.coyote.http11.Http11BaseProtocol init
信息: Initializing Coyote HTTP/1.1 on http-8080
2011-10-21 9:30:00 org.apache.catalina.startup.Catalina load
信息: Initialization processed in 860 ms
2011-10-21 9:30:00 org.apache.catalina.core.StandardService start
信息: Starting service Catalina
2011-10-21 9:30:00 org.apache.catalina.core.StandardEngine start
信息: Starting Servlet Engine: Apache Tomcat/5.5.27
2011-10-21 9:30:00 org.apache.catalina.core.StandardHost start
信息: XML validation disabled
2011-10-21 9:30:00 org.apache.catalina.loader.WebappClassLoader validateJarFile
信息: validateJarFile(E:\apache-tomcat-6.0.29\webapps\jor.bin\tomcat.with.jor\webapps\jor\WEB-INF\lib\jsp-api.jar) - jar not loaded. See Servlet Spec 2.3, section 9.7.2. Offending class: javax/servlet/jsp/JspPage.class
2011-10-21 9:30:00 org.apache.catalina.loader.WebappClassLoader validateJarFile
信息: validateJarFile(E:\apache-tomcat-6.0.29\webapps\jor.bin\tomcat.with.jor\webapps\jor\WEB-INF\lib\servlet-api.jar) - jar not loaded. See Servlet Spec 2.3, section 9.7.2. Offending class: javax/servlet/Servlet.class
2011-10-21 9:30:00 org.apache.coyote.http11.Http11BaseProtocol start
信息: Starting Coyote HTTP/1.1 on http-8080
2011-10-21 9:30:01 org.apache.jk.common.ChannelSocket init
信息: JK: ajp13 listening on /0.0.0.0:8009
2011-10-21 9:30:01 org.apache.jk.server.JkMain start
信息: Jk running ID=0 time=0/18  config=null
2011-10-21 9:30:01 org.apache.catalina.storeconfig.StoreLoader load
信息: Find registry server-registry.xml at classpath resource
2011-10-21 9:30:01 org.apache.catalina.startup.Catalina start
信息: Server startup in 956 ms
2011-10-21 9:35:09 org.apache.catalina.startup.Embedded initDirs
严重: Cannot find specified temporary folder at E:\apache-tomcat-6.0.29\webapps\jor.bin\tomcat.with.jor\temp
2011-10-21 9:35:10 org.apache.catalina.core.AprLifecycleListener lifecycleEvent
信息: The Apache Tomcat Native library which allows optimal performance in production environments was not found on the java.library.path: C:\Program Files\Java\jdk1.5.0_22\bin;.;C:\Windows\system32;C:\Windows;C:\Program Files\Java\jdk1.5.0_22\bin;F:\oracle\product\10.2.0\db_1\bin;C:\Program Files\Oracle\jre\1.3.1\bin;C:\Program Files\Oracle\jre\1.1.8\bin;C:\Windows\system32;C:\Windows;C:\Windows\System32\Wbem;C:\Windows\System32\WindowsPowerShell\v1.0\;C:\Program Files\Intel\Services\IPT\;C:\Program Files\Intel\WiFi\bin\;C:\Program Files\Common Files\Intel\WirelessCommon\;C:\Program Files\ThinkPad\Bluetooth Software\;C:\Program Files\Broadcom\WHL\;C:\Program Files\Common Files\Thunder Network\KanKan\Codecs;C:\Users\THINKPAD\Desktop\Windows7Master\Windows7Master;C:\Program Files\Java\jdk1.5.0_22\bin;C:\Program Files\Microsoft Visual Studio\Common\MSDev98\Bin;D:\builder\Jasob 2.1;D:\builder\ant\bin;C:\Program Files\Intel\WiFi\bin\;C:\Program Files\Common Files\Intel\WirelessCommon\
2011-10-21 9:35:10 org.apache.coyote.http11.Http11BaseProtocol init
严重: Error initializing endpoint
java.net.SocketException: Unrecognized Windows Sockets error: 0: JVM_Bind
	at java.net.PlainSocketImpl.socketBind(Native Method)
	at java.net.PlainSocketImpl.bind(PlainSocketImpl.java:359)
	at java.net.ServerSocket.bind(ServerSocket.java:319)
	at java.net.ServerSocket.<init>(ServerSocket.java:185)
	at java.net.ServerSocket.<init>(ServerSocket.java:141)
	at org.apache.tomcat.util.net.DefaultServerSocketFactory.createSocket(DefaultServerSocketFactory.java:50)
	at org.apache.tomcat.util.net.PoolTcpEndpoint.initEndpoint(PoolTcpEndpoint.java:293)
	at org.apache.coyote.http11.Http11BaseProtocol.init(Http11BaseProtocol.java:139)
	at org.apache.catalina.connector.Connector.initialize(Connector.java:1017)
	at org.apache.catalina.core.StandardService.initialize(StandardService.java:578)
	at org.apache.catalina.core.StandardServer.initialize(StandardServer.java:782)
	at org.apache.catalina.startup.Catalina.load(Catalina.java:504)
	at org.apache.catalina.startup.Catalina.load(Catalina.java:524)
	at sun.reflect.NativeMethodAccessorImpl.invoke0(Native Method)
	at sun.reflect.NativeMethodAccessorImpl.invoke(NativeMethodAccessorImpl.java:39)
	at sun.reflect.DelegatingMethodAccessorImpl.invoke(DelegatingMethodAccessorImpl.java:25)
	at java.lang.reflect.Method.invoke(Method.java:592)
	at org.apache.catalina.startup.Bootstrap.load(Bootstrap.java:267)
	at org.apache.catalina.startup.Bootstrap.main(Bootstrap.java:432)
2011-10-21 9:35:10 org.apache.catalina.startup.Catalina load
严重: Catalina.start
LifecycleException:  Protocol handler initialization failed: java.net.SocketException: Unrecognized Windows Sockets error: 0: JVM_Bind
	at org.apache.catalina.connector.Connector.initialize(Connector.java:1019)
	at org.apache.catalina.core.StandardService.initialize(StandardService.java:578)
	at org.apache.catalina.core.StandardServer.initialize(StandardServer.java:782)
	at org.apache.catalina.startup.Catalina.load(Catalina.java:504)
	at org.apache.catalina.startup.Catalina.load(Catalina.java:524)
	at sun.reflect.NativeMethodAccessorImpl.invoke0(Native Method)
	at sun.reflect.NativeMethodAccessorImpl.invoke(NativeMethodAccessorImpl.java:39)
	at sun.reflect.DelegatingMethodAccessorImpl.invoke(DelegatingMethodAccessorImpl.java:25)
	at java.lang.reflect.Method.invoke(Method.java:592)
	at org.apache.catalina.startup.Bootstrap.load(Bootstrap.java:267)
	at org.apache.catalina.startup.Bootstrap.main(Bootstrap.java:432)
2011-10-21 9:35:10 org.apache.catalina.startup.Catalina load
信息: Initialization processed in 451 ms
2011-10-21 9:35:10 org.apache.catalina.core.StandardService start
信息: Starting service Catalina
2011-10-21 9:35:10 org.apache.catalina.core.StandardEngine start
信息: Starting Servlet Engine: Apache Tomcat/5.5.27
2011-10-21 9:35:10 org.apache.catalina.core.StandardHost start
信息: XML validation disabled
2011-10-21 9:35:10 org.apache.catalina.loader.WebappClassLoader validateJarFile
信息: validateJarFile(E:\apache-tomcat-6.0.29\webapps\jor.bin\tomcat.with.jor\webapps\jor\WEB-INF\lib\jsp-api.jar) - jar not loaded. See Servlet Spec 2.3, section 9.7.2. Offending class: javax/servlet/jsp/JspPage.class
2011-10-21 9:35:10 org.apache.catalina.loader.WebappClassLoader validateJarFile
信息: validateJarFile(E:\apache-tomcat-6.0.29\webapps\jor.bin\tomcat.with.jor\webapps\jor\WEB-INF\lib\servlet-api.jar) - jar not loaded. See Servlet Spec 2.3, section 9.7.2. Offending class: javax/servlet/Servlet.class
2011-10-21 9:35:10 org.apache.coyote.http11.Http11BaseProtocol start
严重: Error starting endpoint
java.net.SocketException: Unrecognized Windows Sockets error: 0: JVM_Bind
	at java.net.PlainSocketImpl.socketBind(Native Method)
	at java.net.PlainSocketImpl.bind(PlainSocketImpl.java:359)
	at java.net.ServerSocket.bind(ServerSocket.java:319)
	at java.net.ServerSocket.<init>(ServerSocket.java:185)
	at java.net.ServerSocket.<init>(ServerSocket.java:141)
	at org.apache.tomcat.util.net.DefaultServerSocketFactory.createSocket(DefaultServerSocketFactory.java:50)
	at org.apache.tomcat.util.net.PoolTcpEndpoint.initEndpoint(PoolTcpEndpoint.java:293)
	at org.apache.tomcat.util.net.PoolTcpEndpoint.startEndpoint(PoolTcpEndpoint.java:313)
	at org.apache.coyote.http11.Http11BaseProtocol.start(Http11BaseProtocol.java:151)
	at org.apache.coyote.http11.Http11Protocol.start(Http11Protocol.java:76)
	at org.apache.catalina.connector.Connector.start(Connector.java:1090)
	at org.apache.catalina.core.StandardService.start(StandardService.java:457)
	at org.apache.catalina.core.StandardServer.start(StandardServer.java:700)
	at org.apache.catalina.startup.Catalina.start(Catalina.java:552)
	at sun.reflect.NativeMethodAccessorImpl.invoke0(Native Method)
	at sun.reflect.NativeMethodAccessorImpl.invoke(NativeMethodAccessorImpl.java:39)
	at sun.reflect.DelegatingMethodAccessorImpl.invoke(DelegatingMethodAccessorImpl.java:25)
	at java.lang.reflect.Method.invoke(Method.java:592)
	at org.apache.catalina.startup.Bootstrap.start(Bootstrap.java:295)
	at org.apache.catalina.startup.Bootstrap.main(Bootstrap.java:433)
2011-10-21 9:35:10 org.apache.catalina.startup.Catalina start
严重: Catalina.start: 
LifecycleException:  service.getName(): "Catalina";  Protocol handler start failed: java.net.SocketException: Unrecognized Windows Sockets error: 0: JVM_Bind
	at org.apache.catalina.connector.Connector.start(Connector.java:1097)
	at org.apache.catalina.core.StandardService.start(StandardService.java:457)
	at org.apache.catalina.core.StandardServer.start(StandardServer.java:700)
	at org.apache.catalina.startup.Catalina.start(Catalina.java:552)
	at sun.reflect.NativeMethodAccessorImpl.invoke0(Native Method)
	at sun.reflect.NativeMethodAccessorImpl.invoke(NativeMethodAccessorImpl.java:39)
	at sun.reflect.DelegatingMethodAccessorImpl.invoke(DelegatingMethodAccessorImpl.java:25)
	at java.lang.reflect.Method.invoke(Method.java:592)
	at org.apache.catalina.startup.Bootstrap.start(Bootstrap.java:295)
	at org.apache.catalina.startup.Bootstrap.main(Bootstrap.java:433)
2011-10-21 9:35:10 org.apache.catalina.startup.Catalina start
信息: Server startup in 640 ms
2011-10-21 9:35:10 org.apache.catalina.core.StandardServer await
严重: StandardServer.await: create[8005]: 
java.net.BindException: Address already in use: JVM_Bind
	at java.net.PlainSocketImpl.socketBind(Native Method)
	at java.net.PlainSocketImpl.bind(PlainSocketImpl.java:359)
	at java.net.ServerSocket.bind(ServerSocket.java:319)
	at java.net.ServerSocket.<init>(ServerSocket.java:185)
	at org.apache.catalina.core.StandardServer.await(StandardServer.java:363)
	at org.apache.catalina.startup.Catalina.await(Catalina.java:616)
	at org.apache.catalina.startup.Catalina.start(Catalina.java:576)
	at sun.reflect.NativeMethodAccessorImpl.invoke0(Native Method)
	at sun.reflect.NativeMethodAccessorImpl.invoke(NativeMethodAccessorImpl.java:39)
	at sun.reflect.DelegatingMethodAccessorImpl.invoke(DelegatingMethodAccessorImpl.java:25)
	at java.lang.reflect.Method.invoke(Method.java:592)
	at org.apache.catalina.startup.Bootstrap.start(Bootstrap.java:295)
	at org.apache.catalina.startup.Bootstrap.main(Bootstrap.java:433)
2011-10-21 9:35:10 org.apache.coyote.http11.Http11BaseProtocol pause
信息: Pausing Coyote HTTP/1.1 on http-8080
2011-10-21 9:35:11 org.apache.catalina.core.StandardService stop
信息: Stopping service Catalina
2011-10-21 9:35:11 org.apache.catalina.connector.MapperListener destroy
警告: Error unregistering MBeanServerDelegate
java.lang.NullPointerException
	at org.apache.catalina.connector.MapperListener.destroy(MapperListener.java:162)
	at org.apache.catalina.connector.Connector.stop(Connector.java:1138)
	at org.apache.catalina.core.StandardService.stop(StandardService.java:519)
	at org.apache.catalina.core.StandardServer.stop(StandardServer.java:734)
	at org.apache.catalina.startup.Catalina.stop(Catalina.java:602)
	at org.apache.catalina.startup.Catalina$CatalinaShutdownHook.run(Catalina.java:645)
2011-10-21 9:35:11 org.apache.coyote.http11.Http11BaseProtocol destroy
信息: Stopping Coyote HTTP/1.1 on http-8080
2011-10-21 9:35:11 org.apache.catalina.connector.Connector stop
严重: Coyote connector has not been started
2011-10-21 9:35:11 org.apache.catalina.core.AprLifecycleListener lifecycleEvent
信息: Failed shutdown of Apache Portable Runtime
2011-10-21 13:09:01 org.apache.catalina.startup.Embedded initDirs
严重: Cannot find specified temporary folder at E:\apache-tomcat-6.0.29\webapps\jor.bin\tomcat.with.jor\temp
2011-10-21 13:09:02 org.apache.catalina.core.AprLifecycleListener lifecycleEvent
信息: The Apache Tomcat Native library which allows optimal performance in production environments was not found on the java.library.path: C:\Program Files\Java\jdk1.5.0_22\bin;.;C:\Windows\system32;C:\Windows;C:\Program Files\Java\jdk1.5.0_22\bin;F:\oracle\product\10.2.0\db_1\bin;C:\Program Files\Oracle\jre\1.3.1\bin;C:\Program Files\Oracle\jre\1.1.8\bin;C:\Windows\system32;C:\Windows;C:\Windows\System32\Wbem;C:\Windows\System32\WindowsPowerShell\v1.0\;C:\Program Files\Intel\Services\IPT\;C:\Program Files\Intel\WiFi\bin\;C:\Program Files\Common Files\Intel\WirelessCommon\;C:\Program Files\ThinkPad\Bluetooth Software\;C:\Program Files\Broadcom\WHL\;C:\Program Files\Common Files\Thunder Network\KanKan\Codecs;C:\Users\THINKPAD\Desktop\Windows7Master\Windows7Master;C:\Program Files\Java\jdk1.5.0_22\bin;C:\Program Files\Microsoft Visual Studio\Common\MSDev98\Bin;D:\builder\Jasob 2.1;D:\builder\ant\bin;C:\Program Files\Intel\WiFi\bin\;C:\Program Files\Common Files\Intel\WirelessCommon\
2011-10-21 13:09:02 org.apache.coyote.http11.Http11BaseProtocol init
信息: Initializing Coyote HTTP/1.1 on http-8080
2011-10-21 13:09:02 org.apache.catalina.startup.Catalina load
信息: Initialization processed in 847 ms
2011-10-21 13:09:02 org.apache.catalina.core.StandardService start
信息: Starting service Catalina
2011-10-21 13:09:02 org.apache.catalina.core.StandardEngine start
信息: Starting Servlet Engine: Apache Tomcat/5.5.27
2011-10-21 13:09:03 org.apache.catalina.core.StandardHost start
信息: XML validation disabled
2011-10-21 13:09:03 org.apache.catalina.loader.WebappClassLoader validateJarFile
信息: validateJarFile(E:\apache-tomcat-6.0.29\webapps\jor.bin\tomcat.with.jor\webapps\jor\WEB-INF\lib\jsp-api.jar) - jar not loaded. See Servlet Spec 2.3, section 9.7.2. Offending class: javax/servlet/jsp/JspPage.class
2011-10-21 13:09:03 org.apache.catalina.loader.WebappClassLoader validateJarFile
信息: validateJarFile(E:\apache-tomcat-6.0.29\webapps\jor.bin\tomcat.with.jor\webapps\jor\WEB-INF\lib\servlet-api.jar) - jar not loaded. See Servlet Spec 2.3, section 9.7.2. Offending class: javax/servlet/Servlet.class
2011-10-21 13:09:04 org.apache.coyote.http11.Http11BaseProtocol start
信息: Starting Coyote HTTP/1.1 on http-8080
2011-10-21 13:09:04 org.apache.jk.common.ChannelSocket init
信息: JK: ajp13 listening on /0.0.0.0:8009
2011-10-21 13:09:04 org.apache.jk.server.JkMain start
信息: Jk running ID=0 time=0/41  config=null
2011-10-21 13:09:04 org.apache.catalina.storeconfig.StoreLoader load
信息: Find registry server-registry.xml at classpath resource
2011-10-21 13:09:04 org.apache.catalina.startup.Catalina start
信息: Server startup in 1861 ms
