2011-1-4 10:38:33 org.apache.catalina.startup.Embedded initDirs
严重: Cannot find specified temporary folder at H:\backup\jor.bin\tomcat.with.jor\temp
2011-1-4 10:38:35 org.apache.catalina.core.AprLifecycleListener lifecycleEvent
信息: The Apache Tomcat Native library which allows optimal performance in production environments was not found on the java.library.path: E:\jdk1.5.0_06\bin;.;C:\WINDOWS\system32;C:\WINDOWS;C:\oracle\product\10.1.0\bin;C:\Program Files\ARM\ADSv1_2\bin;C:\oracle;C:\oracle\product\10.1.0\Db_1\bin;C:\Program Files\Java\jre6\bin;C:\Program Files\PC Connectivity Solution\;E:\oracle10c;c:/mingw/bin;C:\WINDOWS\system32;C:\WINDOWS;C:\WINDOWS\System32\Wbem;D:\builder\ant\bin;C:\Program Files\Microsoft SQL Server\80\Tools\BINN;C:\Program Files\Microsoft Visual Studio\Common\MSDev98\Bin;C:\Program Files\Jasob.com\Jasob 2.1;h:\flex\bin;D:\builder\jrs_2008.eval.with_tomcat\bin;D:\agntctrl.win_ia32-TPTP-4.2.2\bin;C:\Program Files\Darwin Streaming Server;C:\Program Files\TortoiseHg;C:\Program Files\SinoVoice\jTTS 5.0 Desktop\Bin;C:\Program Files\QuickTime\QTSystem\;C:\Program Files\Common Files\Thunder Network\KanKan\Codecs
2011-1-4 10:38:35 org.apache.coyote.http11.Http11BaseProtocol init
信息: Initializing Coyote HTTP/1.1 on http-8080
2011-1-4 10:38:35 org.apache.catalina.startup.Catalina load
信息: Initialization processed in 1632 ms
2011-1-4 10:38:35 org.apache.catalina.core.StandardService start
信息: Starting service Catalina
2011-1-4 10:38:35 org.apache.catalina.core.StandardEngine start
信息: Starting Servlet Engine: Apache Tomcat/5.5.27
2011-1-4 10:38:35 org.apache.catalina.core.StandardHost start
信息: XML validation disabled
2011-1-4 10:38:36 org.apache.catalina.loader.WebappClassLoader validateJarFile
信息: validateJarFile(H:\backup\jor.bin\tomcat.with.jor\webapps\jor\WEB-INF\lib\jsp-api.jar) - jar not loaded. See Servlet Spec 2.3, section 9.7.2. Offending class: javax/servlet/jsp/JspPage.class
2011-1-4 10:38:36 org.apache.catalina.loader.WebappClassLoader validateJarFile
信息: validateJarFile(H:\backup\jor.bin\tomcat.with.jor\webapps\jor\WEB-INF\lib\servlet-api.jar) - jar not loaded. See Servlet Spec 2.3, section 9.7.2. Offending class: javax/servlet/Servlet.class
2011-1-4 10:38:39 org.apache.coyote.http11.Http11BaseProtocol start
信息: Starting Coyote HTTP/1.1 on http-8080
2011-1-4 10:38:39 org.apache.jk.common.ChannelSocket init
信息: JK: ajp13 listening on /0.0.0.0:8009
2011-1-4 10:38:39 org.apache.jk.server.JkMain start
信息: Jk running ID=0 time=0/40  config=null
2011-1-4 10:38:39 org.apache.catalina.storeconfig.StoreLoader load
信息: Find registry server-registry.xml at classpath resource
2011-1-4 10:38:39 org.apache.catalina.startup.Catalina start
信息: Server startup in 4417 ms
2011-1-4 10:46:47 org.apache.catalina.startup.Embedded initDirs
严重: Cannot find specified temporary folder at H:\backup\jor.bin\tomcat.with.jor\temp
2011-1-4 10:46:48 org.apache.catalina.core.AprLifecycleListener lifecycleEvent
信息: The Apache Tomcat Native library which allows optimal performance in production environments was not found on the java.library.path: E:\jdk1.5.0_06\bin;.;C:\WINDOWS\system32;C:\WINDOWS;C:\oracle\product\10.1.0\bin;C:\Program Files\ARM\ADSv1_2\bin;C:\oracle;C:\oracle\product\10.1.0\Db_1\bin;C:\Program Files\Java\jre6\bin;C:\Program Files\PC Connectivity Solution\;E:\oracle10c;c:/mingw/bin;C:\WINDOWS\system32;C:\WINDOWS;C:\WINDOWS\System32\Wbem;D:\builder\ant\bin;C:\Program Files\Microsoft SQL Server\80\Tools\BINN;C:\Program Files\Microsoft Visual Studio\Common\MSDev98\Bin;C:\Program Files\Jasob.com\Jasob 2.1;h:\flex\bin;D:\builder\jrs_2008.eval.with_tomcat\bin;D:\agntctrl.win_ia32-TPTP-4.2.2\bin;C:\Program Files\Darwin Streaming Server;C:\Program Files\TortoiseHg;C:\Program Files\SinoVoice\jTTS 5.0 Desktop\Bin;C:\Program Files\QuickTime\QTSystem\;C:\Program Files\Common Files\Thunder Network\KanKan\Codecs
2011-1-4 10:46:48 org.apache.coyote.http11.Http11BaseProtocol init
严重: Error initializing endpoint
java.net.BindException: Address already in use: JVM_Bind:8080
	at org.apache.tomcat.util.net.PoolTcpEndpoint.initEndpoint(PoolTcpEndpoint.java:298)
	at org.apache.coyote.http11.Http11BaseProtocol.init(Http11BaseProtocol.java:139)
	at org.apache.catalina.connector.Connector.initialize(Connector.java:1017)
	at org.apache.catalina.core.StandardService.initialize(StandardService.java:578)
	at org.apache.catalina.core.StandardServer.initialize(StandardServer.java:782)
	at org.apache.catalina.startup.Catalina.load(Catalina.java:504)
	at org.apache.catalina.startup.Catalina.load(Catalina.java:524)
	at sun.reflect.NativeMethodAccessorImpl.invoke0(Native Method)
	at sun.reflect.NativeMethodAccessorImpl.invoke(NativeMethodAccessorImpl.java:39)
	at sun.reflect.DelegatingMethodAccessorImpl.invoke(DelegatingMethodAccessorImpl.java:25)
	at java.lang.reflect.Method.invoke(Method.java:585)
	at org.apache.catalina.startup.Bootstrap.load(Bootstrap.java:267)
	at org.apache.catalina.startup.Bootstrap.main(Bootstrap.java:432)
2011-1-4 10:46:48 org.apache.catalina.startup.Catalina load
严重: Catalina.start
LifecycleException:  Protocol handler initialization failed: java.net.BindException: Address already in use: JVM_Bind:8080
	at org.apache.catalina.connector.Connector.initialize(Connector.java:1019)
	at org.apache.catalina.core.StandardService.initialize(StandardService.java:578)
	at org.apache.catalina.core.StandardServer.initialize(StandardServer.java:782)
	at org.apache.catalina.startup.Catalina.load(Catalina.java:504)
	at org.apache.catalina.startup.Catalina.load(Catalina.java:524)
	at sun.reflect.NativeMethodAccessorImpl.invoke0(Native Method)
	at sun.reflect.NativeMethodAccessorImpl.invoke(NativeMethodAccessorImpl.java:39)
	at sun.reflect.DelegatingMethodAccessorImpl.invoke(DelegatingMethodAccessorImpl.java:25)
	at java.lang.reflect.Method.invoke(Method.java:585)
	at org.apache.catalina.startup.Bootstrap.load(Bootstrap.java:267)
	at org.apache.catalina.startup.Bootstrap.main(Bootstrap.java:432)
2011-1-4 10:46:48 org.apache.catalina.startup.Catalina load
信息: Initialization processed in 891 ms
2011-1-4 10:46:48 org.apache.catalina.core.StandardService start
信息: Starting service Catalina
2011-1-4 10:46:48 org.apache.catalina.core.StandardEngine start
信息: Starting Servlet Engine: Apache Tomcat/5.5.27
2011-1-4 10:46:48 org.apache.catalina.core.StandardHost start
信息: XML validation disabled
2011-1-4 10:46:49 org.apache.catalina.loader.WebappClassLoader validateJarFile
信息: validateJarFile(H:\backup\jor.bin\tomcat.with.jor\webapps\jor\WEB-INF\lib\jsp-api.jar) - jar not loaded. See Servlet Spec 2.3, section 9.7.2. Offending class: javax/servlet/jsp/JspPage.class
2011-1-4 10:46:49 org.apache.catalina.loader.WebappClassLoader validateJarFile
信息: validateJarFile(H:\backup\jor.bin\tomcat.with.jor\webapps\jor\WEB-INF\lib\servlet-api.jar) - jar not loaded. See Servlet Spec 2.3, section 9.7.2. Offending class: javax/servlet/Servlet.class
2011-1-4 10:46:49 org.apache.coyote.http11.Http11BaseProtocol start
严重: Error starting endpoint
java.net.BindException: Address already in use: JVM_Bind:8080
	at org.apache.tomcat.util.net.PoolTcpEndpoint.initEndpoint(PoolTcpEndpoint.java:298)
	at org.apache.tomcat.util.net.PoolTcpEndpoint.startEndpoint(PoolTcpEndpoint.java:313)
	at org.apache.coyote.http11.Http11BaseProtocol.start(Http11BaseProtocol.java:151)
	at org.apache.coyote.http11.Http11Protocol.start(Http11Protocol.java:76)
	at org.apache.catalina.connector.Connector.start(Connector.java:1090)
	at org.apache.catalina.core.StandardService.start(StandardService.java:457)
	at org.apache.catalina.core.StandardServer.start(StandardServer.java:700)
	at org.apache.catalina.startup.Catalina.start(Catalina.java:552)
	at sun.reflect.NativeMethodAccessorImpl.invoke0(Native Method)
	at sun.reflect.NativeMethodAccessorImpl.invoke(NativeMethodAccessorImpl.java:39)
	at sun.reflect.DelegatingMethodAccessorImpl.invoke(DelegatingMethodAccessorImpl.java:25)
	at java.lang.reflect.Method.invoke(Method.java:585)
	at org.apache.catalina.startup.Bootstrap.start(Bootstrap.java:295)
	at org.apache.catalina.startup.Bootstrap.main(Bootstrap.java:433)
2011-1-4 10:46:49 org.apache.catalina.startup.Catalina start
严重: Catalina.start: 
LifecycleException:  service.getName(): "Catalina";  Protocol handler start failed: java.net.BindException: Address already in use: JVM_Bind:8080
	at org.apache.catalina.connector.Connector.start(Connector.java:1097)
	at org.apache.catalina.core.StandardService.start(StandardService.java:457)
	at org.apache.catalina.core.StandardServer.start(StandardServer.java:700)
	at org.apache.catalina.startup.Catalina.start(Catalina.java:552)
	at sun.reflect.NativeMethodAccessorImpl.invoke0(Native Method)
	at sun.reflect.NativeMethodAccessorImpl.invoke(NativeMethodAccessorImpl.java:39)
	at sun.reflect.DelegatingMethodAccessorImpl.invoke(DelegatingMethodAccessorImpl.java:25)
	at java.lang.reflect.Method.invoke(Method.java:585)
	at org.apache.catalina.startup.Bootstrap.start(Bootstrap.java:295)
	at org.apache.catalina.startup.Bootstrap.main(Bootstrap.java:433)
2011-1-4 10:46:49 org.apache.catalina.startup.Catalina start
信息: Server startup in 1182 ms
2011-1-4 10:46:49 org.apache.catalina.core.StandardServer await
严重: StandardServer.await: create[8005]: 
java.net.BindException: Address already in use: JVM_Bind
	at java.net.PlainSocketImpl.socketBind(Native Method)
	at java.net.PlainSocketImpl.bind(PlainSocketImpl.java:359)
	at java.net.ServerSocket.bind(ServerSocket.java:319)
	at java.net.ServerSocket.<init>(ServerSocket.java:185)
	at org.apache.catalina.core.StandardServer.await(StandardServer.java:363)
	at org.apache.catalina.startup.Catalina.await(Catalina.java:616)
	at org.apache.catalina.startup.Catalina.start(Catalina.java:576)
	at sun.reflect.NativeMethodAccessorImpl.invoke0(Native Method)
	at sun.reflect.NativeMethodAccessorImpl.invoke(NativeMethodAccessorImpl.java:39)
	at sun.reflect.DelegatingMethodAccessorImpl.invoke(DelegatingMethodAccessorImpl.java:25)
	at java.lang.reflect.Method.invoke(Method.java:585)
	at org.apache.catalina.startup.Bootstrap.start(Bootstrap.java:295)
	at org.apache.catalina.startup.Bootstrap.main(Bootstrap.java:433)
2011-1-4 10:46:49 org.apache.coyote.http11.Http11BaseProtocol pause
信息: Pausing Coyote HTTP/1.1 on http-8080
2011-1-4 10:46:50 org.apache.catalina.core.StandardService stop
信息: Stopping service Catalina
2011-1-4 10:46:50 org.apache.catalina.connector.MapperListener destroy
警告: Error unregistering MBeanServerDelegate
java.lang.NullPointerException
	at org.apache.catalina.connector.MapperListener.destroy(MapperListener.java:162)
	at org.apache.catalina.connector.Connector.stop(Connector.java:1138)
	at org.apache.catalina.core.StandardService.stop(StandardService.java:519)
	at org.apache.catalina.core.StandardServer.stop(StandardServer.java:734)
	at org.apache.catalina.startup.Catalina.stop(Catalina.java:602)
	at org.apache.catalina.startup.Catalina$CatalinaShutdownHook.run(Catalina.java:645)
2011-1-4 10:46:50 org.apache.coyote.http11.Http11BaseProtocol destroy
信息: Stopping Coyote HTTP/1.1 on http-8080
2011-1-4 10:46:50 org.apache.catalina.connector.Connector stop
严重: Coyote connector has not been started
2011-1-4 10:46:50 org.apache.catalina.core.AprLifecycleListener lifecycleEvent
信息: Failed shutdown of Apache Portable Runtime
2011-1-4 10:46:54 org.apache.coyote.http11.Http11BaseProtocol pause
信息: Pausing Coyote HTTP/1.1 on http-8080
2011-1-4 10:46:58 org.apache.catalina.startup.Embedded initDirs
严重: Cannot find specified temporary folder at H:\backup\jor.bin\tomcat.with.jor\temp
2011-1-4 10:46:59 org.apache.catalina.core.AprLifecycleListener lifecycleEvent
信息: The Apache Tomcat Native library which allows optimal performance in production environments was not found on the java.library.path: E:\jdk1.5.0_06\bin;.;C:\WINDOWS\system32;C:\WINDOWS;C:\oracle\product\10.1.0\bin;C:\Program Files\ARM\ADSv1_2\bin;C:\oracle;C:\oracle\product\10.1.0\Db_1\bin;C:\Program Files\Java\jre6\bin;C:\Program Files\PC Connectivity Solution\;E:\oracle10c;c:/mingw/bin;C:\WINDOWS\system32;C:\WINDOWS;C:\WINDOWS\System32\Wbem;D:\builder\ant\bin;C:\Program Files\Microsoft SQL Server\80\Tools\BINN;C:\Program Files\Microsoft Visual Studio\Common\MSDev98\Bin;C:\Program Files\Jasob.com\Jasob 2.1;h:\flex\bin;D:\builder\jrs_2008.eval.with_tomcat\bin;D:\agntctrl.win_ia32-TPTP-4.2.2\bin;C:\Program Files\Darwin Streaming Server;C:\Program Files\TortoiseHg;C:\Program Files\SinoVoice\jTTS 5.0 Desktop\Bin;C:\Program Files\QuickTime\QTSystem\;C:\Program Files\Common Files\Thunder Network\KanKan\Codecs
2011-1-4 10:46:59 org.apache.coyote.http11.Http11BaseProtocol init
信息: Initializing Coyote HTTP/1.1 on http-8080
2011-1-4 10:46:59 org.apache.catalina.startup.Catalina load
信息: Initialization processed in 892 ms
2011-1-4 10:46:59 org.apache.catalina.core.StandardService start
信息: Starting service Catalina
2011-1-4 10:46:59 org.apache.catalina.core.StandardEngine start
信息: Starting Servlet Engine: Apache Tomcat/5.5.27
2011-1-4 10:46:59 org.apache.catalina.core.StandardHost start
信息: XML validation disabled
2011-1-4 10:46:59 org.apache.catalina.loader.WebappClassLoader validateJarFile
信息: validateJarFile(H:\backup\jor.bin\tomcat.with.jor\webapps\jor\WEB-INF\lib\jsp-api.jar) - jar not loaded. See Servlet Spec 2.3, section 9.7.2. Offending class: javax/servlet/jsp/JspPage.class
2011-1-4 10:46:59 org.apache.catalina.loader.WebappClassLoader validateJarFile
信息: validateJarFile(H:\backup\jor.bin\tomcat.with.jor\webapps\jor\WEB-INF\lib\servlet-api.jar) - jar not loaded. See Servlet Spec 2.3, section 9.7.2. Offending class: javax/servlet/Servlet.class
2011-1-4 10:47:00 org.apache.coyote.http11.Http11BaseProtocol start
信息: Starting Coyote HTTP/1.1 on http-8080
2011-1-4 10:47:00 org.apache.jk.common.ChannelSocket init
信息: JK: ajp13 listening on /0.0.0.0:8009
2011-1-4 10:47:00 org.apache.jk.server.JkMain start
信息: Jk running ID=0 time=0/20  config=null
2011-1-4 10:47:00 org.apache.catalina.storeconfig.StoreLoader load
信息: Find registry server-registry.xml at classpath resource
2011-1-4 10:47:00 org.apache.catalina.startup.Catalina start
信息: Server startup in 1392 ms
2011-1-4 10:58:02 org.apache.coyote.http11.Http11BaseProtocol pause
信息: Pausing Coyote HTTP/1.1 on http-8080
